文字コード　ASCII
単位　mm
整数部 4，小数部 ３，小数点無し　先行ゼロサプレス
ブロック長 ５１２
データ区切り　'*' (2Ah)
ブロック区切り CR/LF
レコードパッド　' ' (スペース)

同一コマンド一回だけ出力


ファイル Patan1.GRB

  レイヤー 1 : パターン１ 部品面(手前面・正像・中央右にCDJ040517の文字が正しく読める)

ファイル Patan2.GRB

  レイヤー 2 : パターン２ 半田面(奥面・鏡像)

ファイル Regst1.GRB

  レイヤー 5 : レジスト１ 部品面

ファイル Regst2.GRB

  レイヤー 6 : レジスト２ 半田面

ファイル Board.GRB

  レイヤー 7 : 外形


使用Ｄコード : アパーチャ径／角

  丸アパーチャー　ライン用　D10 :φ 0.100 mm
  丸アパーチャー　ライン用　D12 :φ 0.150 mm
  丸アパーチャー　ライン用　D14 :φ 0.200 mm
  丸アパーチャー　ライン用　D16 :φ 0.250 mm
  丸アパーチャー　ライン用　D18 :φ 0.300 mm
  丸アパーチャー　ライン用　D20 :φ 0.350 mm
  丸アパーチャー　ライン用　D22 :φ 0.400 mm
  丸アパーチャー　ライン用　D38 :φ 0.800 mm
  丸アパーチャー　ライン用　D50 :φ 1.200 mm
  丸アパーチャー　ライン用　D54 :φ 1.400 mm
  丸アパーチャー　ライン用　D86 :φ 3.000 mm
  丸アパーチャー　ライン用　D90 :φ 3.200 mm
  丸アパーチャー　ライン用　D114 :φ 4.400 mm
  丸アパーチャー　ライン用　D138 :φ 5.600 mm
